  [1m[35m (13.5ms)[0m  [1m[35mCREATE DATABASE "hello_rails_backend_development" ENCODING = 'unicode'[0m
  [1m[35m (1.1ms)[0m  [1m[35mCREATE DATABASE "hello_rails_backend_test" ENCODING = 'unicode'[0m
  [1m[35m (4.2ms)[0m  [1m[34mSELECT pg_try_advisory_lock(7330925153597262945)[0m
  [1m[36mActiveRecord::SchemaMigration Pluck (3.8ms)[0m  [1m[34mSELECT "schema_migrations"."version" FROM "schema_migrations" ORDER BY "schema_migrations"."version" ASC[0m
Migrating to CreateGreetings (20230302151713)
  [1m[36mTRANSACTION (0.4ms)[0m  [1m[35mBEGIN[0m
  [1m[35m (41.0ms)[0m  [1m[35mCREATE TABLE "greetings" ("id" bigserial primary key, "message" character varying, "created_at" timestamp(6) NOT NULL, "updated_at" timestamp(6) NOT NULL)[0m
  [1m[36mTRANSACTION (0.4ms)[0m  [1m[31mROLLBACK[0m
  [1m[35m (0.4ms)[0m  [1m[34mSELECT pg_advisory_unlock(7330925153597262945)[0m
  [1m[36mActiveRecord::SchemaMigration Pluck (1.8ms)[0m  [1m[34mSELECT "schema_migrations"."version" FROM "schema_migrations" ORDER BY "schema_migrations"."version" ASC[0m
  [1m[36mActiveRecord::InternalMetadata Pluck (4.9ms)[0m  [1m[34mSELECT "ar_internal_metadata"."value" FROM "ar_internal_metadata" WHERE "ar_internal_metadata"."key" = $1 LIMIT $2[0m  [["key", "environment"], ["LIMIT", 1]]
  [1m[36mActiveRecord::SchemaMigration Pluck (0.3ms)[0m  [1m[34mSELECT "schema_migrations"."version" FROM "schema_migrations" ORDER BY "schema_migrations"."version" ASC[0m
  [1m[36mActiveRecord::InternalMetadata Pluck (0.3ms)[0m  [1m[34mSELECT "ar_internal_metadata"."value" FROM "ar_internal_metadata" WHERE "ar_internal_metadata"."key" = $1 LIMIT $2[0m  [["key", "environment"], ["LIMIT", 1]]
  [1m[36mActiveRecord::SchemaMigration Pluck (0.3ms)[0m  [1m[34mSELECT "schema_migrations"."version" FROM "schema_migrations" ORDER BY "schema_migrations"."version" ASC[0m
  [1m[36mActiveRecord::InternalMetadata Pluck (0.3ms)[0m  [1m[34mSELECT "ar_internal_metadata"."value" FROM "ar_internal_metadata" WHERE "ar_internal_metadata"."key" = $1 LIMIT $2[0m  [["key", "environment"], ["LIMIT", 1]]
  [1m[35m (399.5ms)[0m  [1m[35mDROP DATABASE IF EXISTS "hello_rails_backend_development"[0m
  [1m[35m (194.3ms)[0m  [1m[35mDROP DATABASE IF EXISTS "hello_rails_backend_test"[0m
  [1m[35m (644.8ms)[0m  [1m[35mCREATE DATABASE "hello_rails_backend_development" ENCODING = 'unicode'[0m
  [1m[35m (469.4ms)[0m  [1m[35mCREATE DATABASE "hello_rails_backend_test" ENCODING = 'unicode'[0m
  [1m[35m (20.2ms)[0m  [1m[35mCREATE TABLE "schema_migrations" ("version" character varying NOT NULL PRIMARY KEY)[0m
  [1m[35m (8.2ms)[0m  [1m[35mCREATE TABLE "ar_internal_metadata" ("key" character varying NOT NULL PRIMARY KEY, "value" character varying, "created_at" timestamp(6) NOT NULL, "updated_at" timestamp(6) NOT NULL)[0m
  [1m[35m (0.3ms)[0m  [1m[34mSELECT pg_try_advisory_lock(7330925153597262945)[0m
  [1m[36mActiveRecord::SchemaMigration Pluck (2.0ms)[0m  [1m[34mSELECT "schema_migrations"."version" FROM "schema_migrations" ORDER BY "schema_migrations"."version" ASC[0m
Migrating to CreateGreetings (20230302151713)
  [1m[36mTRANSACTION (0.5ms)[0m  [1m[35mBEGIN[0m
  [1m[35m (21.6ms)[0m  [1m[35mCREATE TABLE "greetings" ("id" bigserial primary key, "message" character varying, "created_at" timestamp(6) NOT NULL, "updated_at" timestamp(6) NOT NULL)[0m
  [1m[36mActiveRecord::SchemaMigration Create (6.3ms)[0m  [1m[32mINSERT INTO "schema_migrations" ("version") VALUES ($1) RETURNING "version"[0m  [["version", "20230302151713"]]
  [1m[36mTRANSACTION (1.0ms)[0m  [1m[35mCOMMIT[0m
  [1m[36mActiveRecord::InternalMetadata Load (1.4ms)[0m  [1m[34mSELECT "ar_internal_metadata".* FROM "ar_internal_metadata" WHERE "ar_internal_metadata"."key" = $1 LIMIT $2[0m  [["key", "environment"], ["LIMIT", 1]]
  [1m[36mTRANSACTION (1.1ms)[0m  [1m[35mBEGIN[0m
  [1m[36mActiveRecord::InternalMetadata Create (2.8ms)[0m  [1m[32mINSERT INTO "ar_internal_metadata" ("key", "value", "created_at", "updated_at") VALUES ($1, $2, $3, $4) RETURNING "key"[0m  [["key", "environment"], ["value", "development"], ["created_at", "2023-03-02 15:20:51.565045"], ["updated_at", "2023-03-02 15:20:51.565045"]]
  [1m[36mTRANSACTION (1.7ms)[0m  [1m[35mCOMMIT[0m
  [1m[35m (0.7ms)[0m  [1m[34mSELECT pg_advisory_unlock(7330925153597262945)[0m
  [1m[36mActiveRecord::SchemaMigration Pluck (2.1ms)[0m  [1m[34mSELECT "schema_migrations"."version" FROM "schema_migrations" ORDER BY "schema_migrations"."version" ASC[0m
  [1m[36mTRANSACTION (0.4ms)[0m  [1m[35mBEGIN[0m
  [1m[36mGreeting Create (3.3ms)[0m  [1m[32mINSERT INTO "greetings" ("message", "created_at", "updated_at") VALUES ($1, $2, $3) RETURNING "id"[0m  [["message", "NFS unbound is bae"], ["created_at", "2023-03-02 15:26:06.436165"], ["updated_at", "2023-03-02 15:26:06.436165"]]
  [1m[36mTRANSACTION (1.0ms)[0m  [1m[35mCOMMIT[0m
  [1m[36mTRANSACTION (0.4ms)[0m  [1m[35mBEGIN[0m
  [1m[36mGreeting Create (0.5ms)[0m  [1m[32mINSERT INTO "greetings" ("message", "created_at", "updated_at") VALUES ($1, $2, $3) RETURNING "id"[0m  [["message", "hello world"], ["created_at", "2023-03-02 15:26:19.518259"], ["updated_at", "2023-03-02 15:26:19.518259"]]
  [1m[36mTRANSACTION (1.9ms)[0m  [1m[35mCOMMIT[0m
  [1m[36mTRANSACTION (0.4ms)[0m  [1m[35mBEGIN[0m
  [1m[36mGreeting Create (0.5ms)[0m  [1m[32mINSERT INTO "greetings" ("message", "created_at", "updated_at") VALUES ($1, $2, $3) RETURNING "id"[0m  [["message", "ohh dah"], ["created_at", "2023-03-02 15:26:30.410866"], ["updated_at", "2023-03-02 15:26:30.410866"]]
  [1m[36mTRANSACTION (2.1ms)[0m  [1m[35mCOMMIT[0m
  [1m[36mTRANSACTION (0.3ms)[0m  [1m[35mBEGIN[0m
  [1m[36mGreeting Create (0.4ms)[0m  [1m[32mINSERT INTO "greetings" ("message", "created_at", "updated_at") VALUES ($1, $2, $3) RETURNING "id"[0m  [["message", "hi hi"], ["created_at", "2023-03-02 15:26:41.006378"], ["updated_at", "2023-03-02 15:26:41.006378"]]
  [1m[36mTRANSACTION (2.2ms)[0m  [1m[35mCOMMIT[0m
  [1m[36mTRANSACTION (0.3ms)[0m  [1m[35mBEGIN[0m
  [1m[36mGreeting Create (0.5ms)[0m  [1m[32mINSERT INTO "greetings" ("message", "created_at", "updated_at") VALUES ($1, $2, $3) RETURNING "id"[0m  [["message", "Ohayio"], ["created_at", "2023-03-02 15:26:53.194330"], ["updated_at", "2023-03-02 15:26:53.194330"]]
  [1m[36mTRANSACTION (2.4ms)[0m  [1m[35mCOMMIT[0m
Started GET "/" for 127.0.0.1 at 2023-03-02 16:28:32 +0100
  [1m[36mActiveRecord::SchemaMigration Pluck (2.1ms)[0m  [1m[34mSELECT "schema_migrations"."version" FROM "schema_migrations" ORDER BY "schema_migrations"."version" ASC[0m
Processing by Rails::WelcomeController#index as HTML
  Rendering C:/Ruby31-x64/lib/ruby/gems/3.1.0/gems/railties-7.0.4.2/lib/rails/templates/rails/welcome/index.html.erb
  Rendered C:/Ruby31-x64/lib/ruby/gems/3.1.0/gems/railties-7.0.4.2/lib/rails/templates/rails/welcome/index.html.erb (Duration: 19.1ms | Allocations: 630)
Completed 200 OK in 160ms (Views: 54.6ms | ActiveRecord: 0.0ms | Allocations: 5022)


Started GET "/api/v1/greetings" for 127.0.0.1 at 2023-03-02 16:28:55 +0100
Processing by Api::V1::GreetingsController#index as HTML
  [1m[36mGreeting Load (1.4ms)[0m  [1m[34mSELECT "greetings".* FROM "greetings"[0m
  ↳ app/controllers/api/v1/greetings_controller.rb:7:in `index'
Completed 200 OK in 91ms (Views: 1.3ms | ActiveRecord: 12.3ms | Allocations: 5665)


Started GET "/images/icons/gear.png" for 127.0.0.1 at 2023-03-02 16:28:56 +0100
  
ActionController::RoutingError (No route matches [GET] "/images/icons/gear.png"):
  
Started GET "/api/v1/greetings" for 127.0.0.1 at 2023-03-02 16:28:59 +0100
Processing by Api::V1::GreetingsController#index as HTML
  [1m[36mGreeting Load (0.5ms)[0m  [1m[34mSELECT "greetings".* FROM "greetings"[0m
  ↳ app/controllers/api/v1/greetings_controller.rb:7:in `index'
Completed 200 OK in 6ms (Views: 1.0ms | ActiveRecord: 0.5ms | Allocations: 893)


Started GET "/images/icons/gear.png" for 127.0.0.1 at 2023-03-02 16:28:59 +0100
  
ActionController::RoutingError (No route matches [GET] "/images/icons/gear.png"):
  
Started GET "/api/v1/greetings" for 127.0.0.1 at 2023-03-02 16:29:00 +0100
Processing by Api::V1::GreetingsController#index as HTML
  [1m[36mGreeting Load (0.8ms)[0m  [1m[34mSELECT "greetings".* FROM "greetings"[0m
  ↳ app/controllers/api/v1/greetings_controller.rb:7:in `index'
Completed 200 OK in 5ms (Views: 0.8ms | ActiveRecord: 0.8ms | Allocations: 796)


Started GET "/api/v1/greetings" for 127.0.0.1 at 2023-03-02 16:29:02 +0100
Processing by Api::V1::GreetingsController#index as HTML
  [1m[36mGreeting Load (0.5ms)[0m  [1m[34mSELECT "greetings".* FROM "greetings"[0m
  ↳ app/controllers/api/v1/greetings_controller.rb:7:in `index'
Completed 200 OK in 4ms (Views: 0.9ms | ActiveRecord: 0.5ms | Allocations: 810)


Started GET "/api/v1/greetings" for 127.0.0.1 at 2023-03-02 16:29:03 +0100
Processing by Api::V1::GreetingsController#index as HTML
  [1m[36mGreeting Load (0.9ms)[0m  [1m[34mSELECT "greetings".* FROM "greetings"[0m
  ↳ app/controllers/api/v1/greetings_controller.rb:7:in `index'
Completed 200 OK in 6ms (Views: 1.1ms | ActiveRecord: 0.9ms | Allocations: 797)


Started GET "/api/v1/greetings" for 127.0.0.1 at 2023-03-02 16:29:03 +0100
Processing by Api::V1::GreetingsController#index as HTML
  [1m[36mGreeting Load (0.5ms)[0m  [1m[34mSELECT "greetings".* FROM "greetings"[0m
  ↳ app/controllers/api/v1/greetings_controller.rb:7:in `index'
Completed 200 OK in 6ms (Views: 1.3ms | ActiveRecord: 0.5ms | Allocations: 810)


Started GET "/api/v1/greetings" for 127.0.0.1 at 2023-03-02 16:29:04 +0100
Processing by Api::V1::GreetingsController#index as HTML
  [1m[36mGreeting Load (0.4ms)[0m  [1m[34mSELECT "greetings".* FROM "greetings"[0m
  ↳ app/controllers/api/v1/greetings_controller.rb:7:in `index'
Completed 200 OK in 5ms (Views: 0.8ms | ActiveRecord: 0.4ms | Allocations: 794)


Started GET "/images/icons/gear.png" for 127.0.0.1 at 2023-03-02 16:29:04 +0100
  
ActionController::RoutingError (No route matches [GET] "/images/icons/gear.png"):
  
Started GET "/api/v1/greetings" for ::1 at 2023-03-02 16:30:38 +0100
Processing by Api::V1::GreetingsController#index as */*
  [1m[36mGreeting Load (0.7ms)[0m  [1m[34mSELECT "greetings".* FROM "greetings"[0m
  ↳ app/controllers/api/v1/greetings_controller.rb:7:in `index'
Completed 200 OK in 6ms (Views: 0.8ms | ActiveRecord: 0.7ms | Allocations: 800)


Started GET "/api/v1/greetings" for ::1 at 2023-03-02 16:30:38 +0100
Processing by Api::V1::GreetingsController#index as */*
  [1m[36mGreeting Load (0.8ms)[0m  [1m[34mSELECT "greetings".* FROM "greetings"[0m
  ↳ app/controllers/api/v1/greetings_controller.rb:7:in `index'
Completed 200 OK in 7ms (Views: 0.9ms | ActiveRecord: 0.8ms | Allocations: 798)


Started GET "/api/v1/greetings" for ::1 at 2023-03-02 16:30:45 +0100
Processing by Api::V1::GreetingsController#index as */*
  [1m[36mGreeting Load (0.5ms)[0m  [1m[34mSELECT "greetings".* FROM "greetings"[0m
  ↳ app/controllers/api/v1/greetings_controller.rb:7:in `index'
Completed 200 OK in 4ms (Views: 0.9ms | ActiveRecord: 0.5ms | Allocations: 798)


Started GET "/api/v1/greetings" for ::1 at 2023-03-02 16:30:46 +0100
Processing by Api::V1::GreetingsController#index as */*
  [1m[36mGreeting Load (0.5ms)[0m  [1m[34mSELECT "greetings".* FROM "greetings"[0m
  ↳ app/controllers/api/v1/greetings_controller.rb:7:in `index'
Completed 200 OK in 4ms (Views: 0.8ms | ActiveRecord: 0.5ms | Allocations: 798)


Started GET "/api/v1/greetings" for ::1 at 2023-03-02 16:30:49 +0100
Processing by Api::V1::GreetingsController#index as */*
  [1m[36mGreeting Load (0.5ms)[0m  [1m[34mSELECT "greetings".* FROM "greetings"[0m
  ↳ app/controllers/api/v1/greetings_controller.rb:7:in `index'
Completed 200 OK in 5ms (Views: 0.8ms | ActiveRecord: 0.5ms | Allocations: 798)


Started GET "/api/v1/greetings" for ::1 at 2023-03-02 16:30:49 +0100
Processing by Api::V1::GreetingsController#index as */*
  [1m[36mGreeting Load (0.7ms)[0m  [1m[34mSELECT "greetings".* FROM "greetings"[0m
  ↳ app/controllers/api/v1/greetings_controller.rb:7:in `index'
Completed 200 OK in 6ms (Views: 0.8ms | ActiveRecord: 0.7ms | Allocations: 798)


